2023-07-27 14:02:57,073 [INFO] *****************《merchants》数据集核查*****************
2023-07-27 14:02:57,770 [INFO] 数据集所有列索引名称：
 Index(['merchant_id', 'merchant_group_id', 'merchant_category_id',
       'subsector_id', 'numerical_1', 'numerical_2', 'category_1',
       'most_recent_sales_range', 'most_recent_purchases_range',
       'avg_sales_lag3', 'avg_purchases_lag3', 'active_months_lag3',
       'avg_sales_lag6', 'avg_purchases_lag6', 'active_months_lag6',
       'avg_sales_lag12', 'avg_purchases_lag12', 'active_months_lag12',
       'category_4', 'city_id', 'state_id', 'category_2'],
      dtype='object')
2023-07-27 14:02:57,827 [INFO] 数据集特征（变量）数据类型初步判定：
 Ordered:['merchant_group_id', 'merchant_category_id', 'subsector_id', 'numerical_1', 'numerical_2', 'active_months_lag3', 'active_months_lag6', 'active_months_lag12', 'city_id', 'state_id', 'category_2'] 
 Classification:['merchant_id', 'category_1', 'most_recent_sales_range', 'most_recent_purchases_range', 'category_4'] 
 Continuous:['avg_sales_lag3', 'avg_purchases_lag3', 'avg_sales_lag6', 'avg_purchases_lag6', 'avg_sales_lag12', 'avg_purchases_lag12'] 
 Other:[]
2023-07-27 14:02:57,979 [INFO] 数据集列元素是唯一的列索引名称：[]
2023-07-27 14:02:57,979 [INFO] 数据集总行数和总列数：(334696, 22)
2023-07-27 14:02:58,154 [INFO] <class 'pandas.core.frame.DataFrame'>
RangeIndex: 334696 entries, 0 to 334695
Data columns (total 22 columns):
 #   Column                       Non-Null Count   Dtype  
---  ------                       --------------   -----  
 0   merchant_id                  334696 non-null  object 
 1   merchant_group_id            334696 non-null  int64  
 2   merchant_category_id         334696 non-null  int64  
 3   subsector_id                 334696 non-null  int64  
 4   numerical_1                  334696 non-null  float64
 5   numerical_2                  334696 non-null  float64
 6   category_1                   334696 non-null  object 
 7   most_recent_sales_range      334696 non-null  object 
 8   most_recent_purchases_range  334696 non-null  object 
 9   avg_sales_lag3               334683 non-null  float64
 10  avg_purchases_lag3           334696 non-null  float64
 11  active_months_lag3           334696 non-null  int64  
 12  avg_sales_lag6               334683 non-null  float64
 13  avg_purchases_lag6           334696 non-null  float64
 14  active_months_lag6           334696 non-null  int64  
 15  avg_sales_lag12              334683 non-null  float64
 16  avg_purchases_lag12          334696 non-null  float64
 17  active_months_lag12          334696 non-null  int64  
 18  category_4                   334696 non-null  object 
 19  city_id                      334696 non-null  int64  
 20  state_id                     334696 non-null  int64  
 21  category_2                   322809 non-null  float64
dtypes: float64(9), int64(8), object(5)
memory usage: 56.2+ MB

2023-07-27 14:03:34,039 [INFO] *****************《merchants》数据集核查*****************
2023-07-27 14:03:34,738 [INFO] 数据集所有列索引名称：
 Index(['merchant_id', 'merchant_group_id', 'merchant_category_id',
       'subsector_id', 'numerical_1', 'numerical_2', 'category_1',
       'most_recent_sales_range', 'most_recent_purchases_range',
       'avg_sales_lag3', 'avg_purchases_lag3', 'active_months_lag3',
       'avg_sales_lag6', 'avg_purchases_lag6', 'active_months_lag6',
       'avg_sales_lag12', 'avg_purchases_lag12', 'active_months_lag12',
       'category_4', 'city_id', 'state_id', 'category_2'],
      dtype='object')
2023-07-27 14:03:34,795 [INFO] 数据集特征（变量）数据类型初步判定：
 Ordered:['merchant_group_id', 'merchant_category_id', 'subsector_id', 'numerical_1', 'numerical_2', 'active_months_lag3', 'active_months_lag6', 'active_months_lag12', 'city_id', 'state_id', 'category_2'] 
 Classification:['merchant_id', 'category_1', 'most_recent_sales_range', 'most_recent_purchases_range', 'category_4'] 
 Continuous:['avg_sales_lag3', 'avg_purchases_lag3', 'avg_sales_lag6', 'avg_purchases_lag6', 'avg_sales_lag12', 'avg_purchases_lag12'] 
 Other:[]
2023-07-27 14:03:34,948 [INFO] 数据集列元素是唯一的列索引名称：[]
2023-07-27 14:03:34,949 [INFO] 数据集总行数和总列数：(334696, 22)
2023-07-27 14:03:35,125 [INFO] <class 'pandas.core.frame.DataFrame'>
RangeIndex: 334696 entries, 0 to 334695
Data columns (total 22 columns):
 #   Column                       Non-Null Count   Dtype  
---  ------                       --------------   -----  
 0   merchant_id                  334696 non-null  object 
 1   merchant_group_id            334696 non-null  int64  
 2   merchant_category_id         334696 non-null  int64  
 3   subsector_id                 334696 non-null  int64  
 4   numerical_1                  334696 non-null  float64
 5   numerical_2                  334696 non-null  float64
 6   category_1                   334696 non-null  object 
 7   most_recent_sales_range      334696 non-null  object 
 8   most_recent_purchases_range  334696 non-null  object 
 9   avg_sales_lag3               334683 non-null  float64
 10  avg_purchases_lag3           334696 non-null  float64
 11  active_months_lag3           334696 non-null  int64  
 12  avg_sales_lag6               334683 non-null  float64
 13  avg_purchases_lag6           334696 non-null  float64
 14  active_months_lag6           334696 non-null  int64  
 15  avg_sales_lag12              334683 non-null  float64
 16  avg_purchases_lag12          334696 non-null  float64
 17  active_months_lag12          334696 non-null  int64  
 18  category_4                   334696 non-null  object 
 19  city_id                      334696 non-null  int64  
 20  state_id                     334696 non-null  int64  
 21  category_2                   322809 non-null  float64
dtypes: float64(9), int64(8), object(5)
memory usage: 56.2+ MB

